0 info it worked if it ends with ok
1 verbose cli [ 'node', '/usr/local/bin/npm', 'install' ]
2 info using npm@2.5.1
3 info using node@v0.12.0
4 error install Couldn't read dependencies
5 verbose stack Error: Failed to parse json
5 verbose stack Unexpected string
5 verbose stack     at parseError (/usr/local/lib/node_modules/npm/node_modules/read-package-json/read-json.js:378:25)
5 verbose stack     at parseJson (/usr/local/lib/node_modules/npm/node_modules/read-package-json/read-json.js:85:51)
5 verbose stack     at /usr/local/lib/node_modules/npm/node_modules/read-package-json/read-json.js:59:33
5 verbose stack     at evalmachine.<anonymous>:336:14
5 verbose stack     at /usr/local/lib/node_modules/npm/node_modules/graceful-fs/graceful-fs.js:102:5
5 verbose stack     at FSReqWrap.oncomplete (evalmachine.<anonymous>:99:15)
6 verbose cwd /Users/rob/Projects/pg_auth
7 error Darwin 14.3.0
8 error argv "node" "/usr/local/bin/npm" "install"
9 error node v0.12.0
10 error npm  v2.5.1
11 error file /Users/rob/Projects/pg_auth/package.json
12 error code EJSONPARSE
13 error Failed to parse json
13 error Unexpected string
14 error File: /Users/rob/Projects/pg_auth/package.json
15 error Failed to parse package.json data.
15 error package.json must be actual JSON, not just JavaScript.
15 error
15 error This is not a bug in npm.
15 error Tell the package author to fix their package.json file. JSON.parse
16 verbose exit [ 1, true ]
